<?xml version="1.0" encoding="UTF-8"?>
<testng-results ignored="0" total="2" passed="2" failed="0" skipped="0">
  <reporter-output>
  </reporter-output>
  <suite started-at="2024-01-15T23:40:26 IST" name="Loan Department" finished-at="2024-01-15T23:40:26 IST" duration-ms="40">
    <groups>
    </groups>
    <test started-at="2024-01-15T23:40:26 IST" name="Loan" finished-at="2024-01-15T23:40:26 IST" duration-ms="40">
      <class name="Learning.test1">
        <test-method signature="homeLoan()[pri:0, instance:Learning.test1@2525ff7e]" started-at="2024-01-15T23:40:26 IST" name="homeLoan" finished-at="2024-01-15T23:40:26 IST" duration-ms="6" status="PASS">
          <reporter-output>
          </reporter-output>
        </test-method> <!-- homeLoan -->
        <test-method signature="personalLoan()[pri:0, instance:Learning.test1@2525ff7e]" started-at="2024-01-15T23:40:26 IST" name="personalLoan" finished-at="2024-01-15T23:40:26 IST" duration-ms="1" status="PASS">
          <reporter-output>
          </reporter-output>
        </test-method> <!-- personalLoan -->
      </class> <!-- Learning.test1 -->
    </test> <!-- Loan -->
  </suite> <!-- Loan Department -->
</testng-results>
