<?xml version="1.0" encoding="UTF-8"?>
<testng-results ignored="0" total="3" passed="3" failed="0" skipped="0">
  <reporter-output>
  </reporter-output>
  <suite started-at="2024-01-16T13:12:09 IST" name="Loan Department" finished-at="2024-01-16T13:12:09 IST" duration-ms="43">
    <groups>
    </groups>
    <test started-at="2024-01-16T13:12:09 IST" name="Loan" finished-at="2024-01-16T13:12:09 IST" duration-ms="43">
      <class name="Learning.test1">
        <test-method signature="test01()[pri:0, instance:Learning.test1@524d6d96]" started-at="2024-01-16T13:12:09 IST" name="test01" finished-at="2024-01-16T13:12:09 IST" duration-ms="6" status="PASS">
          <reporter-output>
          </reporter-output>
        </test-method> <!-- test01 -->
        <test-method signature="test02()[pri:0, instance:Learning.test1@524d6d96]" started-at="2024-01-16T13:12:09 IST" name="test02" finished-at="2024-01-16T13:12:09 IST" duration-ms="1" status="PASS">
          <reporter-output>
          </reporter-output>
        </test-method> <!-- test02 -->
        <test-method signature="test03()[pri:0, instance:Learning.test1@524d6d96]" started-at="2024-01-16T13:12:09 IST" name="test03" finished-at="2024-01-16T13:12:09 IST" duration-ms="2" status="PASS">
          <reporter-output>
          </reporter-output>
        </test-method> <!-- test03 -->
      </class> <!-- Learning.test1 -->
    </test> <!-- Loan -->
  </suite> <!-- Loan Department -->
</testng-results>
